0 info it worked if it ends with ok
1 verbose cli [ 'node', '/usr/bin/npm', 'install', 'mysql' ]
2 info using npm@1.3.6
3 info using node@v0.10.48
4 verbose cache add [ 'mysql', null ]
5 verbose cache add name=undefined spec="mysql" args=["mysql",null]
6 verbose parsed url { protocol: null,
6 verbose parsed url   slashes: null,
6 verbose parsed url   auth: null,
6 verbose parsed url   host: null,
6 verbose parsed url   port: null,
6 verbose parsed url   hostname: null,
6 verbose parsed url   hash: null,
6 verbose parsed url   search: null,
6 verbose parsed url   query: null,
6 verbose parsed url   pathname: 'mysql',
6 verbose parsed url   path: 'mysql',
6 verbose parsed url   href: 'mysql' }
7 silly lockFile f460c882-mysql mysql
8 verbose lock mysql /home/vagrant/.npm/f460c882-mysql.lock
9 silly lockFile f460c882-mysql mysql
10 silly lockFile f460c882-mysql mysql
11 verbose addNamed [ 'mysql', '' ]
12 verbose addNamed [ null, '*' ]
13 silly lockFile 6df78a86-mysql mysql@
14 verbose lock mysql@ /home/vagrant/.npm/6df78a86-mysql.lock
15 silly addNameRange { name: 'mysql', range: '*', hasData: false }
16 verbose url raw mysql
17 verbose url resolving [ 'https://registry.npmjs.org/', './mysql' ]
18 verbose url resolved https://registry.npmjs.org/mysql
19 info trying registry request attempt 1 at 14:44:12
20 http GET https://registry.npmjs.org/mysql
21 info retry will retry, error on last attempt: Error: CERT_UNTRUSTED
22 info trying registry request attempt 2 at 14:44:23
23 http GET https://registry.npmjs.org/mysql
24 info retry will retry, error on last attempt: Error: CERT_UNTRUSTED
25 info trying registry request attempt 3 at 14:45:23
26 http GET https://registry.npmjs.org/mysql
27 silly lockFile 6df78a86-mysql mysql@
28 silly lockFile 6df78a86-mysql mysql@
29 error Error: CERT_UNTRUSTED
29 error     at SecurePair.<anonymous> (tls.js:1430:32)
29 error     at SecurePair.emit (events.js:92:17)
29 error     at SecurePair.maybeInitFinished (tls.js:1029:10)
29 error     at CleartextStream.read [as _read] (tls.js:521:13)
29 error     at CleartextStream.Readable.read (_stream_readable.js:341:10)
29 error     at EncryptedStream.write [as _write] (tls.js:418:25)
29 error     at doWrite (_stream_writable.js:226:10)
29 error     at writeOrBuffer (_stream_writable.js:216:5)
29 error     at EncryptedStream.Writable.write (_stream_writable.js:183:11)
29 error     at write (_stream_readable.js:602:24)
30 error If you need help, you may report this log at:
30 error     <http://github.com/isaacs/npm/issues>
30 error or email it to:
30 error     <npm-@googlegroups.com>
31 error System Linux 2.6.32-754.27.1.el6.x86_64
32 error command "node" "/usr/bin/npm" "install" "mysql"
33 error cwd /home/vagrant/pt_uploader/views
34 error node -v v0.10.48
35 error npm -v 1.3.6
36 verbose exit [ 1, true ]
